<?xml version="1.0" encoding="UTF-8"?>
<!-- Generated by org.testng.reporters.JUnitReportReporter -->
<testsuite hostname="Karl" name="discuss.factories.CustomerFactoryTest" tests="2" failures="0" timestamp="28 Sep 2015 15:48:41 GMT" time="0.001" errors="0">
  <testcase name="testCreate" time="0.001" classname="discuss.factories.CustomerFactoryTest"/>
  <testcase name="testUpdate" time="0.000" classname="discuss.factories.CustomerFactoryTest"/>
</testsuite> <!-- discuss.factories.CustomerFactoryTest -->
