<?xml version="1.0" encoding="UTF-8"?>
<!-- Generated by org.testng.reporters.JUnitReportReporter -->
<testsuite hostname="Karl" name="discuss.factories.BeekeeperFactoryTest" tests="2" failures="0" timestamp="28 Sep 2015 15:48:41 GMT" time="0.010" errors="0">
  <testcase name="testUpdate" time="0.000" classname="discuss.factories.BeekeeperFactoryTest"/>
  <testcase name="testCreate" time="0.010" classname="discuss.factories.BeekeeperFactoryTest"/>
</testsuite> <!-- discuss.factories.BeekeeperFactoryTest -->
