<?xml version="1.0" encoding="UTF-8"?>
<!-- Generated by org.testng.reporters.JUnitReportReporter -->
<testsuite hostname="Karl" name="discuss.AppTest" tests="1" failures="0" timestamp="28 Sep 2015 15:48:41 GMT" time="0.001" errors="0">
  <testcase name="testApp" time="0.001" classname="discuss.AppTest"/>
</testsuite> <!-- discuss.AppTest -->
